<?xml version="1.0" encoding="utf-8"?><testsuites name="pytest tests"><testsuite name="pytest" errors="0" failures="0" skipped="0" tests="10" time="1.615" timestamp="2026-06-13T11:36:25.790914+00:00" hostname="agent-env-76746536-c867-493e-8f25-88999fed2121"><testcase classname="backend.tests.test_pocketbuddy_iter2.TestProfile" name="test_get_profile_shape" time="0.235" /><testcase classname="backend.tests.test_pocketbuddy_iter2.TestProfile" name="test_patch_profile_persists" time="0.189" /><testcase classname="backend.tests.test_pocketbuddy_iter2.TestTasks" name="test_seeded_tasks" time="0.045" /><testcase classname="backend.tests.test_pocketbuddy_iter2.TestTasks" name="test_create_update_delete_task" time="0.241" /><testcase classname="backend.tests.test_pocketbuddy_iter2.TestTaskSessions" name="test_start_stop_session" time="0.278" /><testcase classname="backend.tests.test_pocketbuddy_iter2.TestTaskSessions" name="test_stop_without_active_session" time="0.133" /><testcase classname="backend.tests.test_pocketbuddy_iter2.TestAutoBalance" name="test_invalid_income" time="0.109" /><testcase classname="backend.tests.test_pocketbuddy_iter2.TestAutoBalance" name="test_auto_balance_20000" time="0.185" /><testcase classname="backend.tests.test_pocketbuddy_iter2" name="test_cashflow" time="0.046" /><testcase classname="backend.tests.test_pocketbuddy_iter2" name="test_fitness_today_deterministic" time="0.088" /></testsuite></testsuites>