<?xml version="1.0" encoding="utf-8"?><testsuites name="pytest tests"><testsuite name="pytest" errors="0" failures="0" skipped="0" tests="8" time="0.901" timestamp="2026-06-13T11:47:48.189250+00:00" hostname="agent-env-76746536-c867-493e-8f25-88999fed2121"><testcase classname="backend.tests.test_pocketbuddy_iter3.TestLiveStreak" name="test_streak_starts_positive_after_seed" time="0.209" /><testcase classname="backend.tests.test_pocketbuddy_iter3.TestLiveStreak" name="test_streak_is_derived_not_client_settable" time="0.147" /><testcase classname="backend.tests.test_pocketbuddy_iter3.TestLiveStreak" name="test_streak_zero_when_no_mood_entries" time="0.140" /><testcase classname="backend.tests.test_pocketbuddy_iter3.TestLiveStreak" name="test_streak_recomputes_after_restore" time="0.048" /><testcase classname="backend.tests.test_pocketbuddy_iter3.TestOnboard" name="test_onboard_persists_name_avatar_pattern" time="0.098" /><testcase classname="backend.tests.test_pocketbuddy_iter3.TestProfilePatch" name="test_patch_name_updates_avatar_initial" time="0.045" /><testcase classname="backend.tests.test_pocketbuddy_iter3.TestProfilePatch" name="test_patch_can_set_onboarded_false" time="0.090" /><testcase classname="backend.tests.test_pocketbuddy_iter3.TestProfilePatch" name="test_patch_income" time="0.046" /></testsuite></testsuites>