<?xml version="1.0" encoding="utf-8"?><testsuites name="pytest tests"><testsuite name="pytest" errors="0" failures="0" skipped="0" tests="9" time="20.023" timestamp="2026-06-13T12:09:19.594053+00:00" hostname="agent-env-76746536-c867-493e-8f25-88999fed2121"><testcase classname="backend.tests.test_pocketbuddy_iter4.TestChatPatternInjection" name="test_chat_uses_pattern_persisted_in_assistant_message" time="11.370" /><testcase classname="backend.tests.test_pocketbuddy_iter4.TestExerciseCRUD" name="test_create_list_patch_delete" time="0.376" /><testcase classname="backend.tests.test_pocketbuddy_iter4.TestExerciseSessions" name="test_start_stop_get_sessions" time="1.498" /><testcase classname="backend.tests.test_pocketbuddy_iter4.TestExerciseSummary" name="test_summary_shape_and_dynamic" time="1.415" /><testcase classname="backend.tests.test_pocketbuddy_iter4.TestRoutineHabits" name="test_habits_shape_and_response" time="0.046" /><testcase classname="backend.tests.test_pocketbuddy_iter4.TestRoutineHabits" name="test_habit_updates_after_new_mood" time="0.261" /><testcase classname="backend.tests.test_pocketbuddy_iter4.TestWellnessCards" name="test_returns_two_cards" time="4.655" /><testcase classname="backend.tests.test_pocketbuddy_iter4.TestOnboardGoals" name="test_onboard_creates_and_replaces_onboard_goals" time="0.217" /><testcase classname="backend.tests.test_pocketbuddy_iter4.TestProfileReonboard" name="test_patch_onboarded_false" time="0.090" /></testsuite></testsuites>