<?xml version="1.0" encoding="utf-8"?><testsuites name="pytest tests"><testsuite name="pytest" errors="0" failures="0" skipped="0" tests="29" time="20.978" timestamp="2026-06-13T11:13:20.358220+00:00" hostname="agent-env-76746536-c867-493e-8f25-88999fed2121"><testcase classname="backend.tests.test_pocketbuddy_api" name="test_health" time="0.172" /><testcase classname="backend.tests.test_pocketbuddy_api.TestMood" name="test_create_mood" time="0.047" /><testcase classname="backend.tests.test_pocketbuddy_api.TestMood" name="test_get_moods_includes_created" time="0.041" /><testcase classname="backend.tests.test_pocketbuddy_api.TestExpenses" name="test_create_expense" time="0.089" /><testcase classname="backend.tests.test_pocketbuddy_api.TestExpenses" name="test_list_expenses_persisted" time="0.081" /><testcase classname="backend.tests.test_pocketbuddy_api.TestExpenses" name="test_categorize_transport" time="0.041" /><testcase classname="backend.tests.test_pocketbuddy_api.TestJournal" name="test_journal_positive" time="0.052" /><testcase classname="backend.tests.test_pocketbuddy_api.TestJournal" name="test_journal_weekly_buckets" time="0.043" /><testcase classname="backend.tests.test_pocketbuddy_api.TestGoals" name="test_get_goals_seeded" time="0.042" /><testcase classname="backend.tests.test_pocketbuddy_api.TestGoals" name="test_patch_goal" time="0.083" /><testcase classname="backend.tests.test_pocketbuddy_api" name="test_budget" time="0.039" /><testcase classname="backend.tests.test_pocketbuddy_api" name="test_subscriptions" time="0.082" /><testcase classname="backend.tests.test_pocketbuddy_api" name="test_savings" time="0.042" /><testcase classname="backend.tests.test_pocketbuddy_api" name="test_splits" time="0.045" /><testcase classname="backend.tests.test_pocketbuddy_api" name="test_wellness_scores" time="0.054" /><testcase classname="backend.tests.test_pocketbuddy_api" name="test_sleep_weekly" time="0.081" /><testcase classname="backend.tests.test_pocketbuddy_api" name="test_discover[food]" time="0.043" /><testcase classname="backend.tests.test_pocketbuddy_api" name="test_discover[travel]" time="0.039" /><testcase classname="backend.tests.test_pocketbuddy_api" name="test_discover[snacks]" time="0.041" /><testcase classname="backend.tests.test_pocketbuddy_api" name="test_discover[activities]" time="0.040" /><testcase classname="backend.tests.test_pocketbuddy_api" name="test_discover[campus]" time="0.081" /><testcase classname="backend.tests.test_pocketbuddy_api" name="test_life_balance" time="0.042" /><testcase classname="backend.tests.test_pocketbuddy_api" name="test_insights_daily" time="0.040" /><testcase classname="backend.tests.test_pocketbuddy_api" name="test_insights_weekly" time="0.039" /><testcase classname="backend.tests.test_pocketbuddy_api" name="test_chat_stream[finance-How can I save more on food?]" time="8.224" /><testcase classname="backend.tests.test_pocketbuddy_api" name="test_chat_stream[wellness-I feel a bit anxious about exams]" time="4.847" /><testcase classname="backend.tests.test_pocketbuddy_api" name="test_chat_stream[discover-Cheap dinner ideas near campus?]" time="2.757" /><testcase classname="backend.tests.test_pocketbuddy_api" name="test_chat_stream[helper-Give me a quick daily summary]" time="3.392" /><testcase classname="backend.tests.test_pocketbuddy_api" name="test_chat_history_then_clear" time="0.162" /></testsuite></testsuites>